2019-11-18 12:03:07,418 INFO     Game finished
2019-11-18 12:03:09,542 INFO     Game finished
2019-11-18 12:06:48,592 INFO     Game finished
2019-11-18 12:06:50,376 INFO     Game finished
2019-11-18 12:07:45,350 INFO     Game finished
2019-11-18 12:07:46,863 INFO     Game finished
2019-11-18 12:09:16,945 INFO     Game finished
2019-11-18 12:09:34,902 INFO     Game finished
2019-11-18 12:13:37,521 INFO     Game finished
2019-11-18 12:13:39,299 INFO     Game finished
2019-11-18 12:20:59,724 INFO     Game finished
2019-11-18 12:21:01,258 INFO     Game finished
2019-11-18 12:23:06,935 INFO     Game finished
2019-11-18 12:23:08,763 INFO     Game finished
2019-11-18 12:25:36,220 INFO     Game finished
2019-11-18 12:25:38,167 INFO     Game finished
2019-11-18 12:27:42,165 INFO     Game finished
2019-11-18 12:27:43,233 INFO     Game finished
2019-11-18 12:29:33,461 INFO     Game finished
2019-11-18 12:29:37,530 INFO     Game finished
2019-11-18 12:41:05,423 INFO     Game finished
2019-11-18 12:41:07,959 INFO     Game finished
2019-11-18 12:43:15,608 INFO     Game finished
2019-11-18 12:43:16,908 INFO     Game finished
2019-11-18 12:56:26,139 INFO     Game finished
2019-11-18 12:56:29,304 INFO     Game finished
2019-11-18 12:57:06,654 INFO     Game finished
2019-11-18 12:57:07,622 INFO     Game finished
2019-11-18 12:59:10,444 INFO     Game finished
2019-11-18 12:59:12,838 INFO     Game finished
2019-11-18 13:35:53,033 INFO     Game finished
2019-11-18 13:35:54,558 INFO     Game finished
2019-11-18 13:40:50,396 INFO     Game finished
2019-11-18 13:40:52,749 INFO     Game finished
2019-11-18 13:49:56,306 INFO     Game finished
2019-11-18 13:49:58,871 INFO     Game finished
2019-11-18 13:54:49,701 INFO     Game finished
2019-11-18 13:54:50,997 INFO     Game finished
2019-11-18 14:13:42,698 INFO     Game finished
2019-11-18 14:13:44,049 INFO     Game finished
2019-11-18 14:17:41,126 INFO     Game finished
2019-11-18 14:17:42,310 INFO     Game finished
2019-11-18 14:19:12,260 INFO     Game finished
2019-11-18 14:19:14,161 INFO     Game finished
2019-11-21 13:04:31,399 INFO     Game finished
2019-11-21 13:04:32,904 INFO     Game finished
2019-11-21 13:06:51,284 INFO     Game finished while WAITING
2019-11-21 13:08:34,930 INFO     Game finished
2019-11-25 14:05:09,675 ERROR    Game finished while WAITING by network error
2019-11-25 14:06:38,372 ERROR    Game finished while WAITING by network error
2019-11-25 14:07:31,304 ERROR    Game finished while WAITING by network error
2019-11-25 14:07:37,784 INFO     Game finished while WAITING by user
2019-11-25 14:57:15,734 ERROR    Game finished while WAITING by network error
2019-11-25 15:21:33,206 INFO     Game finished while WAITING by user
2019-11-25 15:21:41,858 ERROR    Game finished while WAITING by network error
2019-11-25 15:23:04,564 INFO     Game finished while WAITING by user
2019-11-25 15:44:15,074 ERROR    Game finished while WAITING by network error
2019-11-25 15:52:47,038 ERROR    Game finished while WAITING by network error
2019-11-25 15:54:05,385 ERROR    Game finished while WAITING by network error
2019-11-25 15:56:38,369 ERROR    Game finished while WAITING by network error
2019-11-25 16:00:00,569 ERROR    Game finished while WAITING by network error
2019-11-25 21:55:31,512 ERROR    Game finished while WAITING by network error
2019-11-25 21:58:39,494 ERROR    Game finished while WAITING: no connection from other player
2019-11-25 22:01:56,999 ERROR    Game finished while WAITING: no connection from other player
2019-11-25 22:02:22,933 ERROR    Game finished while WAITING: no connection from other player
2019-11-25 22:04:25,038 ERROR    Game finished while WAITING: no connection from other player
2019-11-25 22:07:33,781 ERROR    Game finished while WAITING: no connection from other player
2019-11-25 22:11:26,698 ERROR    Game finished while WAITING: no connection from other player
2019-11-25 23:01:55,704 ERROR    Game finished while WAITING: no connection from other player
2019-11-25 23:02:45,977 ERROR    Game finished while WAITING: no connection from other player
2019-11-25 23:02:59,475 INFO     Game finished: no game
2019-11-25 23:06:17,428 ERROR    Game finished while WAITING: no connection from other player
2019-11-25 23:06:25,118 INFO     Game finished: no game
2019-11-25 23:06:49,675 ERROR    Game finished while WAITING: no connection from other player
2019-11-25 23:07:26,917 ERROR    Game finished while WAITING: no connection from other player
2019-11-25 23:07:30,525 INFO     Game finished: no game
2019-11-27 07:31:50,469 ERROR    Game finished while WAITING: no connection from other player
2019-11-27 07:31:59,299 INFO     Game finished: no game
2019-11-27 07:40:59,148 ERROR    Game finished while WAITING: no connection from other player
2019-11-27 07:41:10,238 INFO     Game finished: no game
2019-11-27 07:41:58,139 ERROR    Game finished while WAITING: no connection from other player
2019-11-27 07:46:16,553 INFO     Game finished: no game
2019-11-27 07:46:45,621 ERROR    Game finished while WAITING: no connection from other player
2019-11-27 07:49:11,742 ERROR    Game finished while WAITING: no connection from other player
2019-11-27 07:50:47,434 INFO     Game finished: no game
2019-11-27 08:32:31,585 ERROR    START malformed
2019-11-27 08:42:39,666 ERROR    START malformed
2019-11-27 09:06:41,943 ERROR    START malformed
2019-11-27 09:10:05,995 ERROR    START malformed
2019-11-27 09:16:49,314 ERROR    START malformed
2019-11-27 09:19:31,688 ERROR    START malformed
2019-11-27 09:20:26,264 ERROR    START malformed
2019-11-27 09:22:44,946 ERROR    START malformed
2019-11-27 09:24:55,293 ERROR    START malformed
2019-11-27 09:26:18,439 ERROR    START malformed
2019-11-27 09:27:42,403 ERROR    START malformed
2019-11-27 09:35:20,748 ERROR    START malformed
2019-11-27 09:52:57,272 ERROR    START malformed
2019-11-27 11:27:11,582 ERROR    START malformed
2019-11-28 13:55:06,623 ERROR    Game finished before start
2019-11-28 13:56:01,116 ERROR    Game finished while WAITING: no connection from other player
2019-11-28 13:56:11,789 INFO     Game finished: no game
2019-11-28 13:56:29,106 ERROR    Game finished while WAITING: no connection from other player
2019-11-28 13:56:39,370 INFO     Game finished: no game
2019-11-28 14:54:02,822 ERROR    Game finished while WAITING: no connection from other player
2019-11-28 14:54:19,210 INFO     Game finished: no game
2019-11-28 15:17:58,943 ERROR    Game finished while WAITING: no connection from other player
2019-11-28 15:18:12,757 INFO     Game finished: no game
2019-11-28 15:20:37,280 ERROR    Game finished while WAITING: no connection from other player
2019-11-28 15:20:51,633 INFO     Game finished: no game
2019-11-28 15:53:15,467 INFO     Game finished
2019-11-28 16:28:56,501 INFO     Game finished: no game
2019-11-28 20:43:16,269 INFO     Game finished: no game
